running egg_info
writing build/smart_traffic/smart_traffic.egg-info/PKG-INFO
writing dependency_links to build/smart_traffic/smart_traffic.egg-info/dependency_links.txt
writing entry points to build/smart_traffic/smart_traffic.egg-info/entry_points.txt
writing requirements to build/smart_traffic/smart_traffic.egg-info/requires.txt
writing top-level names to build/smart_traffic/smart_traffic.egg-info/top_level.txt
reading manifest file 'build/smart_traffic/smart_traffic.egg-info/SOURCES.txt'
writing manifest file 'build/smart_traffic/smart_traffic.egg-info/SOURCES.txt'
running build
running build_py
copying smart_traffic/actuator_node.py -> /mnt/c/Users/ayman/OneDrive/Bureau/M1/v4smartcontr/v4smartcontr/build/smart_traffic/build/lib/smart_traffic
copying smart_traffic/controller_node.py -> /mnt/c/Users/ayman/OneDrive/Bureau/M1/v4smartcontr/v4smartcontr/build/smart_traffic/build/lib/smart_traffic
copying smart_traffic/dashboard_node.py -> /mnt/c/Users/ayman/OneDrive/Bureau/M1/v4smartcontr/v4smartcontr/build/smart_traffic/build/lib/smart_traffic
copying smart_traffic/sensor_node.py -> /mnt/c/Users/ayman/OneDrive/Bureau/M1/v4smartcontr/v4smartcontr/build/smart_traffic/build/lib/smart_traffic
copying smart_traffic/__init__.py -> /mnt/c/Users/ayman/OneDrive/Bureau/M1/v4smartcontr/v4smartcontr/build/smart_traffic/build/lib/smart_traffic
running install
running install_lib
creating /mnt/c/Users/ayman/OneDrive/Bureau/M1/v4smartcontr/v4smartcontr/install/smart_traffic/lib/python3.12/site-packages/smart_traffic
copying /mnt/c/Users/ayman/OneDrive/Bureau/M1/v4smartcontr/v4smartcontr/build/smart_traffic/build/lib/smart_traffic/actuator_node.py -> /mnt/c/Users/ayman/OneDrive/Bureau/M1/v4smartcontr/v4smartcontr/install/smart_traffic/lib/python3.12/site-packages/smart_traffic
copying /mnt/c/Users/ayman/OneDrive/Bureau/M1/v4smartcontr/v4smartcontr/build/smart_traffic/build/lib/smart_traffic/controller_node.py -> /mnt/c/Users/ayman/OneDrive/Bureau/M1/v4smartcontr/v4smartcontr/install/smart_traffic/lib/python3.12/site-packages/smart_traffic
copying /mnt/c/Users/ayman/OneDrive/Bureau/M1/v4smartcontr/v4smartcontr/build/smart_traffic/build/lib/smart_traffic/dashboard_node.py -> /mnt/c/Users/ayman/OneDrive/Bureau/M1/v4smartcontr/v4smartcontr/install/smart_traffic/lib/python3.12/site-packages/smart_traffic
copying /mnt/c/Users/ayman/OneDrive/Bureau/M1/v4smartcontr/v4smartcontr/build/smart_traffic/build/lib/smart_traffic/sensor_node.py -> /mnt/c/Users/ayman/OneDrive/Bureau/M1/v4smartcontr/v4smartcontr/install/smart_traffic/lib/python3.12/site-packages/smart_traffic
copying /mnt/c/Users/ayman/OneDrive/Bureau/M1/v4smartcontr/v4smartcontr/build/smart_traffic/build/lib/smart_traffic/__init__.py -> /mnt/c/Users/ayman/OneDrive/Bureau/M1/v4smartcontr/v4smartcontr/install/smart_traffic/lib/python3.12/site-packages/smart_traffic
byte-compiling /mnt/c/Users/ayman/OneDrive/Bureau/M1/v4smartcontr/v4smartcontr/install/smart_traffic/lib/python3.12/site-packages/smart_traffic/actuator_node.py to actuator_node.cpython-312.pyc
byte-compiling /mnt/c/Users/ayman/OneDrive/Bureau/M1/v4smartcontr/v4smartcontr/install/smart_traffic/lib/python3.12/site-packages/smart_traffic/controller_node.py to controller_node.cpython-312.pyc
byte-compiling /mnt/c/Users/ayman/OneDrive/Bureau/M1/v4smartcontr/v4smartcontr/install/smart_traffic/lib/python3.12/site-packages/smart_traffic/dashboard_node.py to dashboard_node.cpython-312.pyc
byte-compiling /mnt/c/Users/ayman/OneDrive/Bureau/M1/v4smartcontr/v4smartcontr/install/smart_traffic/lib/python3.12/site-packages/smart_traffic/sensor_node.py to sensor_node.cpython-312.pyc
byte-compiling /mnt/c/Users/ayman/OneDrive/Bureau/M1/v4smartcontr/v4smartcontr/install/smart_traffic/lib/python3.12/site-packages/smart_traffic/__init__.py to __init__.cpython-312.pyc
running install_data
running install_egg_info
Copying build/smart_traffic/smart_traffic.egg-info to /mnt/c/Users/ayman/OneDrive/Bureau/M1/v4smartcontr/v4smartcontr/install/smart_traffic/lib/python3.12/site-packages/smart_traffic-1.0.0-py3.12.egg-info
running install_scripts
Installing actuator_node script to /mnt/c/Users/ayman/OneDrive/Bureau/M1/v4smartcontr/v4smartcontr/install/smart_traffic/lib/smart_traffic
Installing controller_node script to /mnt/c/Users/ayman/OneDrive/Bureau/M1/v4smartcontr/v4smartcontr/install/smart_traffic/lib/smart_traffic
Installing dashboard_node script to /mnt/c/Users/ayman/OneDrive/Bureau/M1/v4smartcontr/v4smartcontr/install/smart_traffic/lib/smart_traffic
Installing sensor_node script to /mnt/c/Users/ayman/OneDrive/Bureau/M1/v4smartcontr/v4smartcontr/install/smart_traffic/lib/smart_traffic
writing list of installed files to '/mnt/c/Users/ayman/OneDrive/Bureau/M1/v4smartcontr/v4smartcontr/build/smart_traffic/install.log'
