C:\Users\User\AppData\Local\Programs\Python\Python313\Lib\site-packages\setuptools\_distutils\dist.py:287: UserWarning: Unknown distribution option: 'tests_require'
  warnings.warn(msg)
running egg_info
writing build\smart_traffic\smart_traffic.egg-info\PKG-INFO
writing dependency_links to build\smart_traffic\smart_traffic.egg-info\dependency_links.txt
writing entry points to build\smart_traffic\smart_traffic.egg-info\entry_points.txt
writing requirements to build\smart_traffic\smart_traffic.egg-info\requires.txt
writing top-level names to build\smart_traffic\smart_traffic.egg-info\top_level.txt
reading manifest file 'build\smart_traffic\smart_traffic.egg-info\SOURCES.txt'
writing manifest file 'build\smart_traffic\smart_traffic.egg-info\SOURCES.txt'
running build
running build_py
creating C:\Users\User\Downloads\v4smartcontr (2) (1)\v4smartcontr\v4smartcontr\build\smart_traffic\build\lib\simulation
copying simulation\intersection.py -> C:\Users\User\Downloads\v4smartcontr (2) (1)\v4smartcontr\v4smartcontr\build\smart_traffic\build\lib\simulation
copying simulation\ros2_bridge.py -> C:\Users\User\Downloads\v4smartcontr (2) (1)\v4smartcontr\v4smartcontr\build\smart_traffic\build\lib\simulation
copying simulation\run_simulation.py -> C:\Users\User\Downloads\v4smartcontr (2) (1)\v4smartcontr\v4smartcontr\build\smart_traffic\build\lib\simulation
copying simulation\traffic_engine.py -> C:\Users\User\Downloads\v4smartcontr (2) (1)\v4smartcontr\v4smartcontr\build\smart_traffic\build\lib\simulation
copying simulation\__init__.py -> C:\Users\User\Downloads\v4smartcontr (2) (1)\v4smartcontr\v4smartcontr\build\smart_traffic\build\lib\simulation
copying smart_traffic\actuator_node.py -> C:\Users\User\Downloads\v4smartcontr (2) (1)\v4smartcontr\v4smartcontr\build\smart_traffic\build\lib\smart_traffic
copying smart_traffic\controller_node.py -> C:\Users\User\Downloads\v4smartcontr (2) (1)\v4smartcontr\v4smartcontr\build\smart_traffic\build\lib\smart_traffic
copying smart_traffic\dashboard_node.py -> C:\Users\User\Downloads\v4smartcontr (2) (1)\v4smartcontr\v4smartcontr\build\smart_traffic\build\lib\smart_traffic
copying smart_traffic\sensor_node.py -> C:\Users\User\Downloads\v4smartcontr (2) (1)\v4smartcontr\v4smartcontr\build\smart_traffic\build\lib\smart_traffic
copying smart_traffic\__init__.py -> C:\Users\User\Downloads\v4smartcontr (2) (1)\v4smartcontr\v4smartcontr\build\smart_traffic\build\lib\smart_traffic
running install
running install_lib
creating C:\Users\User\Downloads\v4smartcontr (2) (1)\v4smartcontr\v4smartcontr\install\smart_traffic\Lib\site-packages\simulation
copying C:\Users\User\Downloads\v4smartcontr (2) (1)\v4smartcontr\v4smartcontr\build\smart_traffic\build\lib\simulation\intersection.py -> C:\Users\User\Downloads\v4smartcontr (2) (1)\v4smartcontr\v4smartcontr\install\smart_traffic\Lib\site-packages\simulation
copying C:\Users\User\Downloads\v4smartcontr (2) (1)\v4smartcontr\v4smartcontr\build\smart_traffic\build\lib\simulation\ros2_bridge.py -> C:\Users\User\Downloads\v4smartcontr (2) (1)\v4smartcontr\v4smartcontr\install\smart_traffic\Lib\site-packages\simulation
copying C:\Users\User\Downloads\v4smartcontr (2) (1)\v4smartcontr\v4smartcontr\build\smart_traffic\build\lib\simulation\run_simulation.py -> C:\Users\User\Downloads\v4smartcontr (2) (1)\v4smartcontr\v4smartcontr\install\smart_traffic\Lib\site-packages\simulation
copying C:\Users\User\Downloads\v4smartcontr (2) (1)\v4smartcontr\v4smartcontr\build\smart_traffic\build\lib\simulation\traffic_engine.py -> C:\Users\User\Downloads\v4smartcontr (2) (1)\v4smartcontr\v4smartcontr\install\smart_traffic\Lib\site-packages\simulation
copying C:\Users\User\Downloads\v4smartcontr (2) (1)\v4smartcontr\v4smartcontr\build\smart_traffic\build\lib\simulation\__init__.py -> C:\Users\User\Downloads\v4smartcontr (2) (1)\v4smartcontr\v4smartcontr\install\smart_traffic\Lib\site-packages\simulation
creating C:\Users\User\Downloads\v4smartcontr (2) (1)\v4smartcontr\v4smartcontr\install\smart_traffic\Lib\site-packages\smart_traffic
copying C:\Users\User\Downloads\v4smartcontr (2) (1)\v4smartcontr\v4smartcontr\build\smart_traffic\build\lib\smart_traffic\actuator_node.py -> C:\Users\User\Downloads\v4smartcontr (2) (1)\v4smartcontr\v4smartcontr\install\smart_traffic\Lib\site-packages\smart_traffic
copying C:\Users\User\Downloads\v4smartcontr (2) (1)\v4smartcontr\v4smartcontr\build\smart_traffic\build\lib\smart_traffic\controller_node.py -> C:\Users\User\Downloads\v4smartcontr (2) (1)\v4smartcontr\v4smartcontr\install\smart_traffic\Lib\site-packages\smart_traffic
copying C:\Users\User\Downloads\v4smartcontr (2) (1)\v4smartcontr\v4smartcontr\build\smart_traffic\build\lib\smart_traffic\dashboard_node.py -> C:\Users\User\Downloads\v4smartcontr (2) (1)\v4smartcontr\v4smartcontr\install\smart_traffic\Lib\site-packages\smart_traffic
copying C:\Users\User\Downloads\v4smartcontr (2) (1)\v4smartcontr\v4smartcontr\build\smart_traffic\build\lib\smart_traffic\sensor_node.py -> C:\Users\User\Downloads\v4smartcontr (2) (1)\v4smartcontr\v4smartcontr\install\smart_traffic\Lib\site-packages\smart_traffic
copying C:\Users\User\Downloads\v4smartcontr (2) (1)\v4smartcontr\v4smartcontr\build\smart_traffic\build\lib\smart_traffic\__init__.py -> C:\Users\User\Downloads\v4smartcontr (2) (1)\v4smartcontr\v4smartcontr\install\smart_traffic\Lib\site-packages\smart_traffic
byte-compiling C:\Users\User\Downloads\v4smartcontr (2) (1)\v4smartcontr\v4smartcontr\install\smart_traffic\Lib\site-packages\simulation\intersection.py to intersection.cpython-313.pyc
byte-compiling C:\Users\User\Downloads\v4smartcontr (2) (1)\v4smartcontr\v4smartcontr\install\smart_traffic\Lib\site-packages\simulation\ros2_bridge.py to ros2_bridge.cpython-313.pyc
byte-compiling C:\Users\User\Downloads\v4smartcontr (2) (1)\v4smartcontr\v4smartcontr\install\smart_traffic\Lib\site-packages\simulation\run_simulation.py to run_simulation.cpython-313.pyc
byte-compiling C:\Users\User\Downloads\v4smartcontr (2) (1)\v4smartcontr\v4smartcontr\install\smart_traffic\Lib\site-packages\simulation\traffic_engine.py to traffic_engine.cpython-313.pyc
byte-compiling C:\Users\User\Downloads\v4smartcontr (2) (1)\v4smartcontr\v4smartcontr\install\smart_traffic\Lib\site-packages\simulation\__init__.py to __init__.cpython-313.pyc
byte-compiling C:\Users\User\Downloads\v4smartcontr (2) (1)\v4smartcontr\v4smartcontr\install\smart_traffic\Lib\site-packages\smart_traffic\actuator_node.py to actuator_node.cpython-313.pyc
byte-compiling C:\Users\User\Downloads\v4smartcontr (2) (1)\v4smartcontr\v4smartcontr\install\smart_traffic\Lib\site-packages\smart_traffic\controller_node.py to controller_node.cpython-313.pyc
byte-compiling C:\Users\User\Downloads\v4smartcontr (2) (1)\v4smartcontr\v4smartcontr\install\smart_traffic\Lib\site-packages\smart_traffic\dashboard_node.py to dashboard_node.cpython-313.pyc
byte-compiling C:\Users\User\Downloads\v4smartcontr (2) (1)\v4smartcontr\v4smartcontr\install\smart_traffic\Lib\site-packages\smart_traffic\sensor_node.py to sensor_node.cpython-313.pyc
byte-compiling C:\Users\User\Downloads\v4smartcontr (2) (1)\v4smartcontr\v4smartcontr\install\smart_traffic\Lib\site-packages\smart_traffic\__init__.py to __init__.cpython-313.pyc
running install_data
copying resource\smart_traffic -> C:\Users\User\Downloads\v4smartcontr (2) (1)\v4smartcontr\v4smartcontr\install\smart_traffic\share\ament_index\resource_index\packages
copying launch\traffic_launch.py -> C:\Users\User\Downloads\v4smartcontr (2) (1)\v4smartcontr\v4smartcontr\install\smart_traffic\share\smart_traffic\launch
running install_egg_info
Copying build\smart_traffic\smart_traffic.egg-info to C:\Users\User\Downloads\v4smartcontr (2) (1)\v4smartcontr\v4smartcontr\install\smart_traffic\Lib\site-packages\smart_traffic-1.0.0-py3.13.egg-info
running install_scripts
Installing actuator_node-script.py script to C:\Users\User\Downloads\v4smartcontr (2) (1)\v4smartcontr\v4smartcontr\install\smart_traffic\lib\smart_traffic
Installing actuator_node.exe script to C:\Users\User\Downloads\v4smartcontr (2) (1)\v4smartcontr\v4smartcontr\install\smart_traffic\lib\smart_traffic
Installing controller_node-script.py script to C:\Users\User\Downloads\v4smartcontr (2) (1)\v4smartcontr\v4smartcontr\install\smart_traffic\lib\smart_traffic
Installing controller_node.exe script to C:\Users\User\Downloads\v4smartcontr (2) (1)\v4smartcontr\v4smartcontr\install\smart_traffic\lib\smart_traffic
Installing dashboard_node-script.py script to C:\Users\User\Downloads\v4smartcontr (2) (1)\v4smartcontr\v4smartcontr\install\smart_traffic\lib\smart_traffic
Installing dashboard_node.exe script to C:\Users\User\Downloads\v4smartcontr (2) (1)\v4smartcontr\v4smartcontr\install\smart_traffic\lib\smart_traffic
Installing sensor_node-script.py script to C:\Users\User\Downloads\v4smartcontr (2) (1)\v4smartcontr\v4smartcontr\install\smart_traffic\lib\smart_traffic
Installing sensor_node.exe script to C:\Users\User\Downloads\v4smartcontr (2) (1)\v4smartcontr\v4smartcontr\install\smart_traffic\lib\smart_traffic
writing list of installed files to 'C:\Users\User\Downloads\v4smartcontr (2) (1)\v4smartcontr\v4smartcontr\build\smart_traffic\install.log'
