[-1781390591753305600.000s] [34mcolcon[0m [1;30mDEBUG[0m [32mCommand line arguments: ['C:\\Users\\User\\AppData\\Local\\Programs\\Python\\Python313\\Scripts\\colcon', 'build'][0m
[-1781390591753305600.000s] [34mcolcon[0m [1;30mDEBUG[0m [32mParsed command line arguments: Namespace(log_base=None, log_level=None, verb_name='build', build_base='build', install_base='install', merge_install=False, symlink_install=False, test_result_base=None, continue_on_error=False, executor='parallel', parallel_workers=8, event_handlers=None, ignore_user_meta=False, metas=['./colcon.meta'], base_paths=['.'], packages_ignore=None, packages_ignore_regex=None, paths=None, packages_up_to=None, packages_up_to_regex=None, packages_above=None, packages_above_and_dependencies=None, packages_above_depth=None, packages_select_by_dep=None, packages_skip_by_dep=None, packages_skip_up_to=None, packages_select_build_failed=False, packages_skip_build_finished=False, packages_select_test_failures=False, packages_skip_test_passed=False, packages_select=None, packages_skip=None, packages_select_regex=None, packages_skip_regex=None, packages_start=None, packages_end=None, cmake_args=None, cmake_target=None, cmake_target_skip_unavailable=False, cmake_clean_cache=False, cmake_clean_first=False, cmake_force_configure=False, ament_cmake_args=None, catkin_cmake_args=None, catkin_skip_building_tests=False, verb_parser=<colcon_defaults.argument_parser.defaults.DefaultArgumentsDecorator object at 0x0000024CE19651D0>, verb_extension=<colcon_core.verb.build.BuildVerb object at 0x0000024CE18B7B60>, main=<bound method BuildVerb.main of <colcon_core.verb.build.BuildVerb object at 0x0000024CE18B7B60>>)[0m
[-1781390591753305600.000s] [34mcolcon.colcon_core.package_discovery[0m [1;30mLevel 1[0m discover_packages(colcon_meta) check parameters
[-1781390591753305600.000s] [34mcolcon.colcon_core.package_discovery[0m [1;30mLevel 1[0m discover_packages(recursive) check parameters
[-1781390591753305600.000s] [34mcolcon.colcon_core.package_discovery[0m [1;30mLevel 1[0m discover_packages(ignore) check parameters
[-1781390591753305600.000s] [34mcolcon.colcon_core.package_discovery[0m [1;30mLevel 1[0m discover_packages(path) check parameters
[-1781390591753305600.000s] [34mcolcon.colcon_core.package_discovery[0m [1;30mLevel 1[0m discover_packages(colcon_meta) discover
[-1781390591753305600.000s] [34mcolcon.colcon_core.package_discovery[0m [1;30mLevel 1[0m discover_packages(recursive) discover
[-1781390591753305600.000s] [34mcolcon.colcon_core.package_discovery[0m [1;30mINFO[0m Crawling recursively for packages in 'C:\Users\User\Downloads\v4smartcontr (2) (1)\v4smartcontr\v4smartcontr'
[-1781390591753305600.000s] [34mcolcon.colcon_core.package_identification[0m [1;30mLevel 1[0m _identify(.) by extensions ['ignore', 'ignore_ament_install']
[-1781390591753305600.000s] [34mcolcon.colcon_core.package_identification[0m [1;30mLevel 1[0m _identify(.) by extension 'ignore'
[-1781390591753305600.000s] [34mcolcon.colcon_core.package_identification[0m [1;30mLevel 1[0m _identify(.) by extension 'ignore_ament_install'
[-1781390591753305600.000s] [34mcolcon.colcon_core.package_identification[0m [1;30mLevel 1[0m _identify(.) by extensions ['colcon_pkg']
[-1781390591753305600.000s] [34mcolcon.colcon_core.package_identification[0m [1;30mLevel 1[0m _identify(.) by extension 'colcon_pkg'
[-1781390591753305600.000s] [34mcolcon.colcon_core.package_identification[0m [1;30mLevel 1[0m _identify(.) by extensions ['colcon_meta']
[-1781390591753305600.000s] [34mcolcon.colcon_core.package_identification[0m [1;30mLevel 1[0m _identify(.) by extension 'colcon_meta'
[-1781390591753305600.000s] [34mcolcon.colcon_core.package_identification[0m [1;30mLevel 1[0m _identify(.) by extensions ['ros']
[-1781390591753305600.000s] [34mcolcon.colcon_core.package_identification[0m [1;30mLevel 1[0m _identify(.) by extension 'ros'
[-1781390591753305600.000s] [34mcolcon.colcon_core.package_identification[0m [1;30mDEBUG[0m [32mPackage '.' with type 'ros.ament_python' and name 'smart_traffic'[0m
[-1781390591753305600.000s] [34mcolcon.colcon_core.package_discovery[0m [1;30mLevel 1[0m discover_packages(recursive) using defaults
[-1781390591753305600.000s] [34mcolcon.colcon_core.package_discovery[0m [1;30mLevel 1[0m discover_packages(ignore) discover
[-1781390591753305600.000s] [34mcolcon.colcon_core.package_discovery[0m [1;30mLevel 1[0m discover_packages(ignore) using defaults
[-1781390591753305600.000s] [34mcolcon.colcon_core.package_discovery[0m [1;30mLevel 1[0m discover_packages(path) discover
[-1781390591753305600.000s] [34mcolcon.colcon_core.package_discovery[0m [1;30mLevel 1[0m discover_packages(path) using defaults
[-1781390591753305600.000s] [34mcolcon.colcon_core.verb[0m [1;30mLevel 5[0m set package 'smart_traffic' build argument 'cmake_args' from command line to 'None'
[-1781390591753305600.000s] [34mcolcon.colcon_core.verb[0m [1;30mLevel 5[0m set package 'smart_traffic' build argument 'cmake_target' from command line to 'None'
[-1781390591753305600.000s] [34mcolcon.colcon_core.verb[0m [1;30mLevel 5[0m set package 'smart_traffic' build argument 'cmake_target_skip_unavailable' from command line to 'False'
[-1781390591753305600.000s] [34mcolcon.colcon_core.verb[0m [1;30mLevel 5[0m set package 'smart_traffic' build argument 'cmake_clean_cache' from command line to 'False'
[-1781390591753305600.000s] [34mcolcon.colcon_core.verb[0m [1;30mLevel 5[0m set package 'smart_traffic' build argument 'cmake_clean_first' from command line to 'False'
[-1781390591753305600.000s] [34mcolcon.colcon_core.verb[0m [1;30mLevel 5[0m set package 'smart_traffic' build argument 'cmake_force_configure' from command line to 'False'
[-1781390591753305600.000s] [34mcolcon.colcon_core.verb[0m [1;30mLevel 5[0m set package 'smart_traffic' build argument 'ament_cmake_args' from command line to 'None'
[-1781390591753305600.000s] [34mcolcon.colcon_core.verb[0m [1;30mLevel 5[0m set package 'smart_traffic' build argument 'catkin_cmake_args' from command line to 'None'
[-1781390591753305600.000s] [34mcolcon.colcon_core.verb[0m [1;30mLevel 5[0m set package 'smart_traffic' build argument 'catkin_skip_building_tests' from command line to 'False'
[-1781390591753305600.000s] [34mcolcon.colcon_core.verb[0m [1;30mDEBUG[0m [32mBuilding package 'smart_traffic' with the following arguments: {'ament_cmake_args': None, 'build_base': 'C:\\Users\\User\\Downloads\\v4smartcontr (2) (1)\\v4smartcontr\\v4smartcontr\\build\\smart_traffic', 'catkin_cmake_args': None, 'catkin_skip_building_tests': False, 'cmake_args': None, 'cmake_clean_cache': False, 'cmake_clean_first': False, 'cmake_force_configure': False, 'cmake_target': None, 'cmake_target_skip_unavailable': False, 'install_base': 'C:\\Users\\User\\Downloads\\v4smartcontr (2) (1)\\v4smartcontr\\v4smartcontr\\install\\smart_traffic', 'merge_install': False, 'path': 'C:\\Users\\User\\Downloads\\v4smartcontr (2) (1)\\v4smartcontr\\v4smartcontr', 'symlink_install': False, 'test_result_base': None}[0m
[-1781390591753305600.000s] [34mcolcon.colcon_core.executor[0m [1;30mINFO[0m Executing jobs using 'parallel' executor
[-1781390591753305600.000s] [34mcolcon.colcon_parallel_executor.executor.parallel[0m [1;30mDEBUG[0m [32mrun_until_complete[0m
[-1781390591753305600.000s] [34mcolcon.colcon_ros.task.ament_python.build[0m [1;30mINFO[0m Building ROS package in 'C:\Users\User\Downloads\v4smartcontr (2) (1)\v4smartcontr\v4smartcontr' with build type 'ament_python'
[-1781390591753305600.000s] [34mcolcon.colcon_core.shell[0m [1;30mLevel 1[0m create_environment_hook('smart_traffic', 'ament_prefix_path')
[-1781390591753305600.000s] [34mcolcon.colcon_core.plugin_system[0m [1;30mINFO[0m Skipping extension 'colcon_core.shell.sh': Not used on Windows systems
[-1781390591753305600.000s] [34mcolcon.colcon_core.shell[0m [1;30mINFO[0m Creating environment hook 'C:\Users\User\Downloads\v4smartcontr (2) (1)\v4smartcontr\v4smartcontr\install\smart_traffic\share\smart_traffic\hook\ament_prefix_path.ps1'
[-1781390591753305600.000s] [34mcolcon.colcon_core.shell[0m [1;30mINFO[0m Creating environment hook 'C:\Users\User\Downloads\v4smartcontr (2) (1)\v4smartcontr\v4smartcontr\install\smart_traffic\share\smart_traffic\hook\ament_prefix_path.bat'
[-1781390591753305600.000s] [34mcolcon.colcon_core.shell[0m [1;30mINFO[0m Creating environment descriptor 'C:\Users\User\Downloads\v4smartcontr (2) (1)\v4smartcontr\v4smartcontr\install\smart_traffic\share\smart_traffic\hook\ament_prefix_path.dsv'
[-1781390591753305600.000s] [34mcolcon.colcon_core.task.python.build[0m [1;30mINFO[0m Building Python package in 'C:\Users\User\Downloads\v4smartcontr (2) (1)\v4smartcontr\v4smartcontr'
[-1781390591753305600.000s] [34mcolcon.colcon_core.event_handler.log_command[0m [1;30mDEBUG[0m [32mInvoking command in 'C:\Users\User\Downloads\v4smartcontr (2) (1)\v4smartcontr\v4smartcontr': PYTHONPATH=C:\Users\User\Downloads\v4smartcontr (2) (1)\v4smartcontr\v4smartcontr\build\smart_traffic\prefix_override;C:\Users\User\AppData\Local\Programs\Python\Python313\Lib\site-packages\colcon_core\task\python\colcon_distutils_commands;C:\Users\User\Downloads\v4smartcontr (2) (1)\v4smartcontr\v4smartcontr\install\smart_traffic\Lib\site-packages; C:\Users\User\AppData\Local\Programs\Python\Python313\python.exe -W ignore:setup.py install is deprecated -W ignore:easy_install command is deprecated setup.py egg_info --egg-base build\smart_traffic build --build-base C:\Users\User\Downloads\v4smartcontr (2) (1)\v4smartcontr\v4smartcontr\build\smart_traffic\build install --record C:\Users\User\Downloads\v4smartcontr (2) (1)\v4smartcontr\v4smartcontr\build\smart_traffic\install.log --single-version-externally-managed install_data[0m
[-1781390591753305600.000s] [34mcolcon.colcon_core.event_handler.log_command[0m [1;30mDEBUG[0m [32mInvoked command in 'C:\Users\User\Downloads\v4smartcontr (2) (1)\v4smartcontr\v4smartcontr' returned '0': PYTHONPATH=C:\Users\User\Downloads\v4smartcontr (2) (1)\v4smartcontr\v4smartcontr\build\smart_traffic\prefix_override;C:\Users\User\AppData\Local\Programs\Python\Python313\Lib\site-packages\colcon_core\task\python\colcon_distutils_commands;C:\Users\User\Downloads\v4smartcontr (2) (1)\v4smartcontr\v4smartcontr\install\smart_traffic\Lib\site-packages; C:\Users\User\AppData\Local\Programs\Python\Python313\python.exe -W ignore:setup.py install is deprecated -W ignore:easy_install command is deprecated setup.py egg_info --egg-base build\smart_traffic build --build-base C:\Users\User\Downloads\v4smartcontr (2) (1)\v4smartcontr\v4smartcontr\build\smart_traffic\build install --record C:\Users\User\Downloads\v4smartcontr (2) (1)\v4smartcontr\v4smartcontr\build\smart_traffic\install.log --single-version-externally-managed install_data[0m
[-1781390591753305600.000s] [34mcolcon.colcon_core.environment[0m [1;30mLevel 1[0m checking 'C:\Users\User\Downloads\v4smartcontr (2) (1)\v4smartcontr\v4smartcontr\install\smart_traffic' for CMake module files
[-1781390591753305600.000s] [34mcolcon.colcon_core.environment[0m [1;30mLevel 1[0m checking 'C:\Users\User\Downloads\v4smartcontr (2) (1)\v4smartcontr\v4smartcontr\install\smart_traffic' for CMake config files
[-1781390591753305600.000s] [34mcolcon.colcon_core.environment[0m [1;30mLevel 1[0m checking 'C:\Users\User\Downloads\v4smartcontr (2) (1)\v4smartcontr\v4smartcontr\install\smart_traffic\bin'
[-1781390591753305600.000s] [34mcolcon.colcon_core.environment[0m [1;30mLevel 1[0m checking 'C:\Users\User\Downloads\v4smartcontr (2) (1)\v4smartcontr\v4smartcontr\install\smart_traffic\bin'
[-1781390591753305600.000s] [34mcolcon.colcon_core.environment[0m [1;30mLevel 1[0m checking 'C:\Users\User\Downloads\v4smartcontr (2) (1)\v4smartcontr\v4smartcontr\install\smart_traffic\lib\pkgconfig\smart_traffic.pc'
[-1781390591753305600.000s] [34mcolcon.colcon_core.environment[0m [1;30mLevel 1[0m checking 'C:\Users\User\Downloads\v4smartcontr (2) (1)\v4smartcontr\v4smartcontr\install\smart_traffic\Lib\site-packages'
[-1781390591753305600.000s] [34mcolcon.colcon_core.shell[0m [1;30mLevel 1[0m create_environment_hook('smart_traffic', 'pythonpath')
[-1781390591753305600.000s] [34mcolcon.colcon_core.shell[0m [1;30mINFO[0m Creating environment hook 'C:\Users\User\Downloads\v4smartcontr (2) (1)\v4smartcontr\v4smartcontr\install\smart_traffic\share\smart_traffic\hook\pythonpath.ps1'
[-1781390591753305600.000s] [34mcolcon.colcon_core.shell[0m [1;30mINFO[0m Creating environment hook 'C:\Users\User\Downloads\v4smartcontr (2) (1)\v4smartcontr\v4smartcontr\install\smart_traffic\share\smart_traffic\hook\pythonpath.bat'
[-1781390591753305600.000s] [34mcolcon.colcon_core.shell[0m [1;30mINFO[0m Creating environment descriptor 'C:\Users\User\Downloads\v4smartcontr (2) (1)\v4smartcontr\v4smartcontr\install\smart_traffic\share\smart_traffic\hook\pythonpath.dsv'
[-1781390591753305600.000s] [34mcolcon.colcon_core.environment[0m [1;30mLevel 1[0m checking 'C:\Users\User\Downloads\v4smartcontr (2) (1)\v4smartcontr\v4smartcontr\install\smart_traffic\Scripts'
[-1781390591753305600.000s] [34mcolcon.colcon_core.environment[0m [1;30mLevel 1[0m create_environment_scripts_only(smart_traffic)
[-1781390591753305600.000s] [34mcolcon.colcon_core.shell[0m [1;30mINFO[0m Creating package script 'C:\Users\User\Downloads\v4smartcontr (2) (1)\v4smartcontr\v4smartcontr\install\smart_traffic\share\smart_traffic\package.ps1'
[-1781390591753305600.000s] [34mcolcon.colcon_core.shell[0m [1;30mINFO[0m Creating package script 'C:\Users\User\Downloads\v4smartcontr (2) (1)\v4smartcontr\v4smartcontr\install\smart_traffic\share\smart_traffic\package.bat'
[-1781390591753305600.000s] [34mcolcon.colcon_core.shell[0m [1;30mINFO[0m Creating package descriptor 'C:\Users\User\Downloads\v4smartcontr (2) (1)\v4smartcontr\v4smartcontr\install\smart_traffic\share\smart_traffic\package.dsv'
[-1781390591753305600.000s] [34mcolcon.colcon_core.environment[0m [1;30mLevel 1[0m create_file_with_runtime_dependencies(C:\Users\User\Downloads\v4smartcontr (2) (1)\v4smartcontr\v4smartcontr\install\smart_traffic\share\colcon-core\packages\smart_traffic)
[-1781390591753305600.000s] [34mcolcon.colcon_parallel_executor.executor.parallel[0m [1;30mDEBUG[0m [32mclosing loop[0m
[-1781390591753305600.000s] [34mcolcon.colcon_parallel_executor.executor.parallel[0m [1;30mDEBUG[0m [32mloop closed[0m
[-1781390591753305600.000s] [34mcolcon.colcon_parallel_executor.executor.parallel[0m [1;30mDEBUG[0m [32mrun_until_complete finished with '0'[0m
[-1781390591753305600.000s] [34mcolcon.colcon_core.event_reactor[0m [1;30mDEBUG[0m [32mjoining thread[0m
[-1781390591753305600.000s] [34mcolcon.colcon_core.plugin_system[0m [1;30mINFO[0m Skipping extension 'colcon_notification.desktop_notification.notify2': 'notify2' not found
[-1781390591753305600.000s] [34mcolcon.colcon_core.plugin_system[0m [1;30mINFO[0m Skipping extension 'colcon_notification.desktop_notification.notify_send': Not used on non-Linux systems
[-1781390591753305600.000s] [34mcolcon.colcon_core.plugin_system[0m [1;30mINFO[0m Skipping extension 'colcon_notification.desktop_notification.terminal_notifier': Not used on non-Darwin systems
[-1781390591753305600.000s] [34mcolcon.colcon_notification.desktop_notification[0m [1;30mINFO[0m Sending desktop notification using 'win32'
[-1781390591753305600.000s] [34mcolcon.colcon_core.event_reactor[0m [1;30mDEBUG[0m [32mjoined thread[0m
[-1781390591753305600.000s] [34mcolcon.colcon_core.shell[0m [1;30mINFO[0m Creating prefix script 'C:\Users\User\Downloads\v4smartcontr (2) (1)\v4smartcontr\v4smartcontr\install\local_setup.ps1'
[-1781390591753305600.000s] [34mcolcon.colcon_core.shell[0m [1;30mINFO[0m Creating prefix util module 'C:\Users\User\Downloads\v4smartcontr (2) (1)\v4smartcontr\v4smartcontr\install\_local_setup_util_ps1.py'
[-1781390591753305600.000s] [34mcolcon.colcon_core.shell[0m [1;30mINFO[0m Creating prefix chain script 'C:\Users\User\Downloads\v4smartcontr (2) (1)\v4smartcontr\v4smartcontr\install\setup.ps1'
[-1781390591753305600.000s] [34mcolcon.colcon_core.shell[0m [1;30mINFO[0m Creating prefix script 'C:\Users\User\Downloads\v4smartcontr (2) (1)\v4smartcontr\v4smartcontr\install\local_setup.bat'
[-1781390591753305600.000s] [34mcolcon.colcon_core.shell[0m [1;30mINFO[0m Creating prefix util module 'C:\Users\User\Downloads\v4smartcontr (2) (1)\v4smartcontr\v4smartcontr\install\_local_setup_util_bat.py'
[-1781390591753305600.000s] [34mcolcon.colcon_core.shell[0m [1;30mINFO[0m Creating prefix chain script 'C:\Users\User\Downloads\v4smartcontr (2) (1)\v4smartcontr\v4smartcontr\install\setup.bat'
