C:\Users\User\Downloads\v4smartcontr (2) (1)\v4smartcontr\v4smartcontr\install\smart_traffic\Lib\site-packages\simulation\intersection.py
C:\Users\User\Downloads\v4smartcontr (2) (1)\v4smartcontr\v4smartcontr\install\smart_traffic\Lib\site-packages\simulation\ros2_bridge.py
C:\Users\User\Downloads\v4smartcontr (2) (1)\v4smartcontr\v4smartcontr\install\smart_traffic\Lib\site-packages\simulation\run_simulation.py
C:\Users\User\Downloads\v4smartcontr (2) (1)\v4smartcontr\v4smartcontr\install\smart_traffic\Lib\site-packages\simulation\traffic_engine.py
C:\Users\User\Downloads\v4smartcontr (2) (1)\v4smartcontr\v4smartcontr\install\smart_traffic\Lib\site-packages\simulation\__init__.py
C:\Users\User\Downloads\v4smartcontr (2) (1)\v4smartcontr\v4smartcontr\install\smart_traffic\Lib\site-packages\smart_traffic\actuator_node.py
C:\Users\User\Downloads\v4smartcontr (2) (1)\v4smartcontr\v4smartcontr\install\smart_traffic\Lib\site-packages\smart_traffic\controller_node.py
C:\Users\User\Downloads\v4smartcontr (2) (1)\v4smartcontr\v4smartcontr\install\smart_traffic\Lib\site-packages\smart_traffic\dashboard_node.py
C:\Users\User\Downloads\v4smartcontr (2) (1)\v4smartcontr\v4smartcontr\install\smart_traffic\Lib\site-packages\smart_traffic\sensor_node.py
C:\Users\User\Downloads\v4smartcontr (2) (1)\v4smartcontr\v4smartcontr\install\smart_traffic\Lib\site-packages\smart_traffic\__init__.py
C:\Users\User\Downloads\v4smartcontr (2) (1)\v4smartcontr\v4smartcontr\install\smart_traffic\Lib\site-packages\simulation\__pycache__\intersection.cpython-313.pyc
C:\Users\User\Downloads\v4smartcontr (2) (1)\v4smartcontr\v4smartcontr\install\smart_traffic\Lib\site-packages\simulation\__pycache__\ros2_bridge.cpython-313.pyc
C:\Users\User\Downloads\v4smartcontr (2) (1)\v4smartcontr\v4smartcontr\install\smart_traffic\Lib\site-packages\simulation\__pycache__\run_simulation.cpython-313.pyc
C:\Users\User\Downloads\v4smartcontr (2) (1)\v4smartcontr\v4smartcontr\install\smart_traffic\Lib\site-packages\simulation\__pycache__\traffic_engine.cpython-313.pyc
C:\Users\User\Downloads\v4smartcontr (2) (1)\v4smartcontr\v4smartcontr\install\smart_traffic\Lib\site-packages\simulation\__pycache__\__init__.cpython-313.pyc
C:\Users\User\Downloads\v4smartcontr (2) (1)\v4smartcontr\v4smartcontr\install\smart_traffic\Lib\site-packages\smart_traffic\__pycache__\actuator_node.cpython-313.pyc
C:\Users\User\Downloads\v4smartcontr (2) (1)\v4smartcontr\v4smartcontr\install\smart_traffic\Lib\site-packages\smart_traffic\__pycache__\controller_node.cpython-313.pyc
C:\Users\User\Downloads\v4smartcontr (2) (1)\v4smartcontr\v4smartcontr\install\smart_traffic\Lib\site-packages\smart_traffic\__pycache__\dashboard_node.cpython-313.pyc
C:\Users\User\Downloads\v4smartcontr (2) (1)\v4smartcontr\v4smartcontr\install\smart_traffic\Lib\site-packages\smart_traffic\__pycache__\sensor_node.cpython-313.pyc
C:\Users\User\Downloads\v4smartcontr (2) (1)\v4smartcontr\v4smartcontr\install\smart_traffic\Lib\site-packages\smart_traffic\__pycache__\__init__.cpython-313.pyc
C:\Users\User\Downloads\v4smartcontr (2) (1)\v4smartcontr\v4smartcontr\install\smart_traffic\share\ament_index\resource_index\packages\smart_traffic
C:\Users\User\Downloads\v4smartcontr (2) (1)\v4smartcontr\v4smartcontr\install\smart_traffic\share\smart_traffic\package.xml
C:\Users\User\Downloads\v4smartcontr (2) (1)\v4smartcontr\v4smartcontr\install\smart_traffic\share\smart_traffic\launch\traffic_launch.py
C:\Users\User\Downloads\v4smartcontr (2) (1)\v4smartcontr\v4smartcontr\install\smart_traffic\share\smart_traffic\config
C:\Users\User\Downloads\v4smartcontr (2) (1)\v4smartcontr\v4smartcontr\install\smart_traffic\Lib\site-packages\smart_traffic-1.0.0-py3.13.egg-info\dependency_links.txt
C:\Users\User\Downloads\v4smartcontr (2) (1)\v4smartcontr\v4smartcontr\install\smart_traffic\Lib\site-packages\smart_traffic-1.0.0-py3.13.egg-info\entry_points.txt
C:\Users\User\Downloads\v4smartcontr (2) (1)\v4smartcontr\v4smartcontr\install\smart_traffic\Lib\site-packages\smart_traffic-1.0.0-py3.13.egg-info\PKG-INFO
C:\Users\User\Downloads\v4smartcontr (2) (1)\v4smartcontr\v4smartcontr\install\smart_traffic\Lib\site-packages\smart_traffic-1.0.0-py3.13.egg-info\requires.txt
C:\Users\User\Downloads\v4smartcontr (2) (1)\v4smartcontr\v4smartcontr\install\smart_traffic\Lib\site-packages\smart_traffic-1.0.0-py3.13.egg-info\SOURCES.txt
C:\Users\User\Downloads\v4smartcontr (2) (1)\v4smartcontr\v4smartcontr\install\smart_traffic\Lib\site-packages\smart_traffic-1.0.0-py3.13.egg-info\top_level.txt
C:\Users\User\Downloads\v4smartcontr (2) (1)\v4smartcontr\v4smartcontr\install\smart_traffic\Lib\site-packages\smart_traffic-1.0.0-py3.13.egg-info\zip-safe
C:\Users\User\Downloads\v4smartcontr (2) (1)\v4smartcontr\v4smartcontr\install\smart_traffic\lib\smart_traffic\actuator_node-script.py
C:\Users\User\Downloads\v4smartcontr (2) (1)\v4smartcontr\v4smartcontr\install\smart_traffic\lib\smart_traffic\actuator_node.exe
C:\Users\User\Downloads\v4smartcontr (2) (1)\v4smartcontr\v4smartcontr\install\smart_traffic\lib\smart_traffic\controller_node-script.py
C:\Users\User\Downloads\v4smartcontr (2) (1)\v4smartcontr\v4smartcontr\install\smart_traffic\lib\smart_traffic\controller_node.exe
C:\Users\User\Downloads\v4smartcontr (2) (1)\v4smartcontr\v4smartcontr\install\smart_traffic\lib\smart_traffic\dashboard_node-script.py
C:\Users\User\Downloads\v4smartcontr (2) (1)\v4smartcontr\v4smartcontr\install\smart_traffic\lib\smart_traffic\dashboard_node.exe
C:\Users\User\Downloads\v4smartcontr (2) (1)\v4smartcontr\v4smartcontr\install\smart_traffic\lib\smart_traffic\sensor_node-script.py
C:\Users\User\Downloads\v4smartcontr (2) (1)\v4smartcontr\v4smartcontr\install\smart_traffic\lib\smart_traffic\sensor_node.exe
